-------------------------------------------------------------------------------
Test set: PersistenceTest
-------------------------------------------------------------------------------
Tests run: 1, Failures: 0, Errors: 1, Skipped: 0, Time elapsed: 2.62 sec <<< FAILURE!
consultarRutasAsignadas(PersistenceTest)  Time elapsed: 2.463 sec  <<< ERROR!
org.hibernate.exception.GenericJDBCException: could not extract ResultSet
	at org.hibernate.exception.internal.StandardSQLExceptionConverter.convert(StandardSQLExceptionConverter.java:54)
	at org.hibernate.engine.jdbc.spi.SqlExceptionHelper.convert(SqlExceptionHelper.java:125)
	at org.hibernate.engine.jdbc.spi.SqlExceptionHelper.convert(SqlExceptionHelper.java:110)
	at org.hibernate.engine.jdbc.internal.ResultSetReturnImpl.extract(ResultSetReturnImpl.java:61)
	at org.hibernate.loader.Loader.getResultSet(Loader.java:2040)
	at org.hibernate.loader.Loader.executeQueryStatement(Loader.java:1837)
	at org.hibernate.loader.Loader.executeQueryStatement(Loader.java:1816)
	at org.hibernate.loader.Loader.doQuery(Loader.java:900)
	at org.hibernate.loader.Loader.doQueryAndInitializeNonLazyCollections(Loader.java:342)
	at org.hibernate.loader.Loader.doList(Loader.java:2526)
	at org.hibernate.loader.Loader.doList(Loader.java:2512)
	at org.hibernate.loader.Loader.listIgnoreQueryCache(Loader.java:2342)
	at org.hibernate.loader.Loader.list(Loader.java:2337)
	at org.hibernate.loader.hql.QueryLoader.list(QueryLoader.java:495)
	at org.hibernate.hql.internal.ast.QueryTranslatorImpl.list(QueryTranslatorImpl.java:356)
	at org.hibernate.engine.query.spi.HQLQueryPlan.performList(HQLQueryPlan.java:195)
	at org.hibernate.internal.SessionImpl.list(SessionImpl.java:1269)
	at org.hibernate.internal.QueryImpl.list(QueryImpl.java:101)
	at main.PersistenceFacade.rutasPorTransportista(PersistenceFacade.java:68)
	at PersistenceTest.consultarRutasAsignadas(PersistenceTest.java:251)
	at sun.reflect.NativeMethodAccessorImpl.invoke0(Native Method)
	at sun.reflect.NativeMethodAccessorImpl.invoke(NativeMethodAccessorImpl.java:62)
	at sun.reflect.DelegatingMethodAccessorImpl.invoke(DelegatingMethodAccessorImpl.java:43)
	at java.lang.reflect.Method.invoke(Method.java:497)
	at org.junit.runners.model.FrameworkMethod$1.runReflectiveCall(FrameworkMethod.java:50)
	at org.junit.internal.runners.model.ReflectiveCallable.run(ReflectiveCallable.java:12)
	at org.junit.runners.model.FrameworkMethod.invokeExplosively(FrameworkMethod.java:47)
	at org.junit.internal.runners.statements.InvokeMethod.evaluate(InvokeMethod.java:17)
	at org.junit.internal.runners.statements.RunBefores.evaluate(RunBefores.java:26)
	at org.junit.internal.runners.statements.RunAfters.evaluate(RunAfters.java:27)
	at org.junit.runners.ParentRunner.runLeaf(ParentRunner.java:325)
	at org.junit.runners.BlockJUnit4ClassRunner.runChild(BlockJUnit4ClassRunner.java:78)
	at org.junit.runners.BlockJUnit4ClassRunner.runChild(BlockJUnit4ClassRunner.java:57)
	at org.junit.runners.ParentRunner$3.run(ParentRunner.java:290)
	at org.junit.runners.ParentRunner$1.schedule(ParentRunner.java:71)
	at org.junit.runners.ParentRunner.runChildren(ParentRunner.java:288)
	at org.junit.runners.ParentRunner.access$000(ParentRunner.java:58)
	at org.junit.runners.ParentRunner$2.evaluate(ParentRunner.java:268)
	at org.junit.runners.ParentRunner.run(ParentRunner.java:363)
	at org.apache.maven.surefire.junit4.JUnit4TestSet.execute(JUnit4TestSet.java:53)
	at org.apache.maven.surefire.junit4.JUnit4Provider.executeTestSet(JUnit4Provider.java:123)
	at org.apache.maven.surefire.junit4.JUnit4Provider.invoke(JUnit4Provider.java:104)
	at sun.reflect.NativeMethodAccessorImpl.invoke0(Native Method)
	at sun.reflect.NativeMethodAccessorImpl.invoke(NativeMethodAccessorImpl.java:62)
	at sun.reflect.DelegatingMethodAccessorImpl.invoke(DelegatingMethodAccessorImpl.java:43)
	at java.lang.reflect.Method.invoke(Method.java:497)
	at org.apache.maven.surefire.util.ReflectionUtils.invokeMethodWithArray(ReflectionUtils.java:164)
	at org.apache.maven.surefire.booter.ProviderFactory$ProviderProxy.invoke(ProviderFactory.java:110)
	at org.apache.maven.surefire.booter.SurefireStarter.invokeProvider(SurefireStarter.java:175)
	at org.apache.maven.surefire.booter.SurefireStarter.runSuitesInProcessWhenForked(SurefireStarter.java:107)
	at org.apache.maven.surefire.booter.ForkedBooter.main(ForkedBooter.java:68)
Caused by: org.h2.jdbc.JdbcSQLException: El Subquery escalar contiene mas de una fila
Scalar subquery contains more than one row; SQL statement:
select producto1_.nombre as col_0_0_ from ProductosEnVenta productoen0_, Productos producto1_ where productoen0_.Productos_idProductos=producto1_.idProductos and productoen0_.idProductosEnVenta=(select detallefac3_.ProductosEnVenta_idProductosEnVenta from Despachos despacho2_, DetalleFactura detallefac3_, ProductosEnVenta productoen4_ cross join Rutas ruta5_ where despacho2_.DetalleFactura_Facturas_idFacturas=detallefac3_.Facturas_idFacturas and despacho2_.DetalleFactura_ProductosEnVenta_idProductosEnVenta=detallefac3_.ProductosEnVenta_idProductosEnVenta and detallefac3_.ProductosEnVenta_idProductosEnVenta=productoen4_.idProductosEnVenta and despacho2_.Rutas_idRutas=ruta5_.idRutas and ruta5_.Transportistas_idTransportistas=963852741) [90053-184]
	at org.h2.message.DbException.getJdbcSQLException(DbException.java:345)
	at org.h2.message.DbException.get(DbException.java:179)
	at org.h2.message.DbException.get(DbException.java:155)
	at org.h2.message.DbException.get(DbException.java:144)
	at org.h2.expression.Subquery.getValue(Subquery.java:41)
	at org.h2.index.IndexCondition.getCurrentValue(IndexCondition.java:139)
	at org.h2.index.IndexCursor.find(IndexCursor.java:109)
	at org.h2.table.TableFilter.next(TableFilter.java:329)
	at org.h2.command.dml.Select.queryFlat(Select.java:532)
	at org.h2.command.dml.Select.queryWithoutCache(Select.java:644)
	at org.h2.command.dml.Query.query(Query.java:322)
	at org.h2.command.dml.Query.query(Query.java:290)
	at org.h2.command.dml.Query.query(Query.java:36)
	at org.h2.command.CommandContainer.query(CommandContainer.java:90)
	at org.h2.command.Command.executeQuery(Command.java:197)
	at org.h2.jdbc.JdbcPreparedStatement.executeQuery(JdbcPreparedStatement.java:108)
	at org.hibernate.engine.jdbc.internal.ResultSetReturnImpl.extract(ResultSetReturnImpl.java:56)
	... 47 more
