<?xml version="1.0" encoding="UTF-8" ?>
<testsuite tests="1" failures="0" name="PersistenceTest" time="2.66" errors="1" skipped="0">
  <properties>
[...]
</properties>
  <testcase classname="PersistenceTest" name="consultarRutasAsignadas" time="2.463">
    <error message="could not extract ResultSet" type="org.hibernate.exception.GenericJDBCException">org.hibernate.exception.GenericJDBCException: could not extract ResultSet
	at org.hibernate.exception.internal.StandardSQLExceptionConverter.convert(StandardSQLExceptionConverter.java:54)
	at org.hibernate.engine.jdbc.spi.SqlExceptionHelper.convert(SqlExceptionHelper.java:125)
	at org.hibernate.engine.jdbc.spi.SqlExceptionHelper.convert(SqlExceptionHelper.java:110)
	at org.hibernate.engine.jdbc.internal.ResultSetReturnImpl.extract(ResultSetReturnImpl.java:61)
	at org.hibernate.loader.Loader.getResultSet(Loader.java:2040)
	at org.hibernate.loader.Loader.executeQueryStatement(Loader.java:1837)
	at org.hibernate.loader.Loader.executeQueryStatement(Loader.java:1816)
	at org.hibernate.loader.Loader.doQuery(Loader.java:900)
	at org.hibernate.loader.Loader.doQueryAndInitializeNonLazyCollections(Loader.java:342)
	at org.hibernate.loader.Loader.doList(Loader.java:2526)
	at org.hibernate.loader.Loader.doList(Loader.java:2512)
	at org.hibernate.loader.Loader.listIgnoreQueryCache(Loader.java:2342)
	at org.hibernate.loader.Loader.list(Loader.java:2337)
	at org.hibernate.loader.hql.QueryLoader.list(QueryLoader.java:495)
	at org.hibernate.hql.internal.ast.QueryTranslatorImpl.list(QueryTranslatorImpl.java:356)
	at org.hibernate.engine.query.spi.HQLQueryPlan.performList(HQLQueryPlan.java:195)
	at org.hibernate.internal.SessionImpl.list(SessionImpl.java:1269)
	at org.hibernate.internal.QueryImpl.list(QueryImpl.java:101)
	at main.PersistenceFacade.rutasPorTransportista(PersistenceFacade.java:68)
	at PersistenceTest.consultarRutasAsignadas(PersistenceTest.java:251)
	at sun.reflect.NativeMethodAccessorImpl.invoke0(Native Method)
	at sun.reflect.NativeMethodAccessorImpl.invoke(NativeMethodAccessorImpl.java:62)
	at sun.reflect.DelegatingMethodAccessorImpl.invoke(DelegatingMethodAccessorImpl.java:43)
	at java.lang.reflect.Method.invoke(Method.java:497)
	at org.junit.runners.model.FrameworkMethod$1.runReflectiveCall(FrameworkMethod.java:50)
	at org.junit.internal.runners.model.ReflectiveCallable.run(ReflectiveCallable.java:12)
	at org.junit.runners.model.FrameworkMethod.invokeExplosively(FrameworkMethod.java:47)
	at org.junit.internal.runners.statements.InvokeMethod.evaluate(InvokeMethod.java:17)
	at org.junit.internal.runners.statements.RunBefores.evaluate(RunBefores.java:26)
	at org.junit.internal.runners.statements.RunAfters.evaluate(RunAfters.java:27)
	at org.junit.runners.ParentRunner.runLeaf(ParentRunner.java:325)
	at org.junit.runners.BlockJUnit4ClassRunner.runChild(BlockJUnit4ClassRunner.java:78)
	at org.junit.runners.BlockJUnit4ClassRunner.runChild(BlockJUnit4ClassRunner.java:57)
	at org.junit.runners.ParentRunner$3.run(ParentRunner.java:290)
	at org.junit.runners.ParentRunner$1.schedule(ParentRunner.java:71)
	at org.junit.runners.ParentRunner.runChildren(ParentRunner.java:288)
	at org.junit.runners.ParentRunner.access$000(ParentRunner.java:58)
	at org.junit.runners.ParentRunner$2.evaluate(ParentRunner.java:268)
	at org.junit.runners.ParentRunner.run(ParentRunner.java:363)
	at org.apache.maven.surefire.junit4.JUnit4TestSet.execute(JUnit4TestSet.java:53)
	at org.apache.maven.surefire.junit4.JUnit4Provider.executeTestSet(JUnit4Provider.java:123)
	at org.apache.maven.surefire.junit4.JUnit4Provider.invoke(JUnit4Provider.java:104)
	at sun.reflect.NativeMethodAccessorImpl.invoke0(Native Method)
	at sun.reflect.NativeMethodAccessorImpl.invoke(NativeMethodAccessorImpl.java:62)
	at sun.reflect.DelegatingMethodAccessorImpl.invoke(DelegatingMethodAccessorImpl.java:43)
	at java.lang.reflect.Method.invoke(Method.java:497)
	at org.apache.maven.surefire.util.ReflectionUtils.invokeMethodWithArray(ReflectionUtils.java:164)
	at org.apache.maven.surefire.booter.ProviderFactory$ProviderProxy.invoke(ProviderFactory.java:110)
	at org.apache.maven.surefire.booter.SurefireStarter.invokeProvider(SurefireStarter.java:175)
	at org.apache.maven.surefire.booter.SurefireStarter.runSuitesInProcessWhenForked(SurefireStarter.java:107)
	at org.apache.maven.surefire.booter.ForkedBooter.main(ForkedBooter.java:68)
Caused by: org.h2.jdbc.JdbcSQLException: El Subquery escalar contiene mas de una fila
Scalar subquery contains more than one row; SQL statement:
select producto1_.nombre as col_0_0_ from ProductosEnVenta productoen0_, Productos producto1_ where productoen0_.Productos_idProductos=producto1_.idProductos and productoen0_.idProductosEnVenta=(select detallefac3_.ProductosEnVenta_idProductosEnVenta from Despachos despacho2_, DetalleFactura detallefac3_, ProductosEnVenta productoen4_ cross join Rutas ruta5_ where despacho2_.DetalleFactura_Facturas_idFacturas=detallefac3_.Facturas_idFacturas and despacho2_.DetalleFactura_ProductosEnVenta_idProductosEnVenta=detallefac3_.ProductosEnVenta_idProductosEnVenta and detallefac3_.ProductosEnVenta_idProductosEnVenta=productoen4_.idProductosEnVenta and despacho2_.Rutas_idRutas=ruta5_.idRutas and ruta5_.Transportistas_idTransportistas=963852741) [90053-184]
	at org.h2.message.DbException.getJdbcSQLException(DbException.java:345)
	at org.h2.message.DbException.get(DbException.java:179)
	at org.h2.message.DbException.get(DbException.java:155)
	at org.h2.message.DbException.get(DbException.java:144)
	at org.h2.expression.Subquery.getValue(Subquery.java:41)
	at org.h2.index.IndexCondition.getCurrentValue(IndexCondition.java:139)
	at org.h2.index.IndexCursor.find(IndexCursor.java:109)
	at org.h2.table.TableFilter.next(TableFilter.java:329)
	at org.h2.command.dml.Select.queryFlat(Select.java:532)
	at org.h2.command.dml.Select.queryWithoutCache(Select.java:644)
	at org.h2.command.dml.Query.query(Query.java:322)
	at org.h2.command.dml.Query.query(Query.java:290)
	at org.h2.command.dml.Query.query(Query.java:36)
	at org.h2.command.CommandContainer.query(CommandContainer.java:90)
	at org.h2.command.Command.executeQuery(Command.java:197)
	at org.h2.jdbc.JdbcPreparedStatement.executeQuery(JdbcPreparedStatement.java:108)
	at org.hibernate.engine.jdbc.internal.ResultSetReturnImpl.extract(ResultSetReturnImpl.java:56)
	... 47 more
</error>
    <system-out>Hibernate: alter table Campesinos drop constraint FK_nhj71ntfqqg0n81sq5abr9yf2
Hibernate: alter table Despachos drop constraint FK_jmn9d8go1bllhlkvs1eps2lf1
Hibernate: alter table Despachos drop constraint FK_4pwc3m5sv87ss0honc0k0ujwi
Hibernate: alter table DetalleFactura drop constraint FK_5tegympik67g8auynmuxiga52
Hibernate: alter table DetalleFactura drop constraint FK_7x65qcfbm0e10abewibunki42
Hibernate: alter table Facturas drop constraint FK_knk05ap2a6hyjuvnbqop6v2cf
Hibernate: alter table Facturas drop constraint FK_frbq5uns33iu6v9g374krjj4a
Hibernate: alter table Novedades drop constraint FK_8n6ilp610bgkx402v3l1vkmxn
Hibernate: alter table ProductosEnVenta drop constraint FK_1u20cckx4041chmsrfk42bp13
Hibernate: alter table ProductosEnVenta drop constraint FK_qnm9i1qvod30ta6dw2nsr69bm
Hibernate: alter table Rutas drop constraint FK_qj79kmqt814miuyrpbunurj8e
Hibernate: alter table Ubicaciones drop constraint FK_1kvmsosbkk7b0hhghmuxp9962
Hibernate: alter table Ubicaciones drop constraint FK_3v3e4cwqt78bnorb2ac91yhpe
Hibernate: alter table Vehiculos drop constraint FK_p05n4aosep5cb5ac288i39avg
Hibernate: drop table Campesinos if exists
Hibernate: drop table Despachos if exists
Hibernate: drop table DetalleFactura if exists
Hibernate: drop table Facturas if exists
Hibernate: drop table Minoristas if exists
Hibernate: drop table Novedades if exists
Hibernate: drop table Productos if exists
Hibernate: drop table ProductosEnVenta if exists
Hibernate: drop table Rutas if exists
Hibernate: drop table TransaccionesBancarias if exists
Hibernate: drop table Transportistas if exists
Hibernate: drop table Ubicaciones if exists
Hibernate: drop table Vehiculos if exists
Hibernate: create table Campesinos (idCampesinos integer not null, apellidos varchar(45) not null, correo varchar(45), nombres varchar(45) not null, telefono varchar(10) not null, Ubicaciones_idUbicaciones integer not null, primary key (idCampesinos))
Hibernate: create table Despachos (idDespachos integer generated by default as identity, estimacionEntrega date not null, estimacionRecoleccion date not null, DetalleFactura_Facturas_idFacturas integer not null, DetalleFactura_ProductosEnVenta_idProductosEnVenta integer not null, Rutas_idRutas integer not null, primary key (idDespachos))
Hibernate: create table DetalleFactura (Facturas_idFacturas integer not null, ProductosEnVenta_idProductosEnVenta integer not null, cantidadComprada float not null, precioVenta float not null, yaSeEntrego boolean not null, primary key (Facturas_idFacturas, ProductosEnVenta_idProductosEnVenta))
Hibernate: create table Facturas (idFacturas integer generated by default as identity, fecha date not null, impuesto float not null, TransaccionesBancarias_idTransaccionesBancarias integer not null, Ubicaciones_idUbicaciones integer not null, primary key (idFacturas))
Hibernate: create table Minoristas (idMinoristas integer not null, apellidos varchar(45) not null, correo varchar(45), nombres varchar(45) not null, telefono varchar(10) not null, primary key (idMinoristas))
Hibernate: create table Novedades (idNovedades integer generated by default as identity, descripcion varchar(200) not null, fecha date not null, Rutas_idRutas integer not null, primary key (idNovedades))
Hibernate: create table Productos (idProductos integer generated by default as identity, duracion integer not null, nombre varchar(45) not null, refrigeracion boolean not null, primary key (idProductos))
Hibernate: create table ProductosEnVenta (idProductosEnVenta integer generated by default as identity, cantidadDisponible float not null, descripcion varchar(200) not null, fechaCosecha date not null, foto binary(255), precioPorKG integer not null, Campesinos_idCampesinos integer not null, Productos_idProductos integer not null, primary key (idProductosEnVenta))
Hibernate: create table Rutas (idRutas integer generated by default as identity, fechaFinalizacion date not null, fechaInicio date not null, Transportistas_idTransportistas integer not null, primary key (idRutas))
Hibernate: create table TransaccionesBancarias (idTransaccionesBancarias integer generated by default as identity, codAprobacion varchar(20) not null, dineroConsignado date not null, primary key (idTransaccionesBancarias))
Hibernate: create table Transportistas (idTransportistas integer not null, apellidos varchar(45) not null, correo varchar(45), nombres varchar(45) not null, telefono varchar(10) not null, primary key (idTransportistas))
Hibernate: create table Ubicaciones (idUbicaciones integer generated by default as identity, ciudad varchar(20) not null, departamento varchar(20) not null, descripcion varchar(200), direccion varchar(50) not null, latitud varchar(45) not null, longitud varchar(45) not null, Minoristas_idMinoristas integer, Transportistas_idTransportistas integer, primary key (idUbicaciones))
Hibernate: create table Vehiculos (placa varchar(6) not null, capacidad float not null, esRefriguerado boolean not null, Transportistas_idTransportistas integer not null, primary key (placa))
Hibernate: alter table Campesinos add constraint FK_nhj71ntfqqg0n81sq5abr9yf2 foreign key (Ubicaciones_idUbicaciones) references Ubicaciones
Hibernate: alter table Despachos add constraint FK_jmn9d8go1bllhlkvs1eps2lf1 foreign key (DetalleFactura_Facturas_idFacturas, DetalleFactura_ProductosEnVenta_idProductosEnVenta) references DetalleFactura
Hibernate: alter table Despachos add constraint FK_4pwc3m5sv87ss0honc0k0ujwi foreign key (Rutas_idRutas) references Rutas
Hibernate: alter table DetalleFactura add constraint FK_5tegympik67g8auynmuxiga52 foreign key (Facturas_idFacturas) references Facturas
Hibernate: alter table DetalleFactura add constraint FK_7x65qcfbm0e10abewibunki42 foreign key (ProductosEnVenta_idProductosEnVenta) references ProductosEnVenta
Hibernate: alter table Facturas add constraint FK_knk05ap2a6hyjuvnbqop6v2cf foreign key (TransaccionesBancarias_idTransaccionesBancarias) references TransaccionesBancarias
Hibernate: alter table Facturas add constraint FK_frbq5uns33iu6v9g374krjj4a foreign key (Ubicaciones_idUbicaciones) references Ubicaciones
Hibernate: alter table Novedades add constraint FK_8n6ilp610bgkx402v3l1vkmxn foreign key (Rutas_idRutas) references Rutas
Hibernate: alter table ProductosEnVenta add constraint FK_1u20cckx4041chmsrfk42bp13 foreign key (Campesinos_idCampesinos) references Campesinos
Hibernate: alter table ProductosEnVenta add constraint FK_qnm9i1qvod30ta6dw2nsr69bm foreign key (Productos_idProductos) references Productos
Hibernate: alter table Rutas add constraint FK_qj79kmqt814miuyrpbunurj8e foreign key (Transportistas_idTransportistas) references Transportistas
Hibernate: alter table Ubicaciones add constraint FK_1kvmsosbkk7b0hhghmuxp9962 foreign key (Minoristas_idMinoristas) references Minoristas
Hibernate: alter table Ubicaciones add constraint FK_3v3e4cwqt78bnorb2ac91yhpe foreign key (Transportistas_idTransportistas) references Transportistas
Hibernate: alter table Vehiculos add constraint FK_p05n4aosep5cb5ac288i39avg foreign key (Transportistas_idTransportistas) references Transportistas
Hibernate: insert into Productos (idProductos, duracion, nombre, refrigeracion) values (null, ?, ?, ?)
Hibernate: insert into Productos (idProductos, duracion, nombre, refrigeracion) values (null, ?, ?, ?)
Hibernate: insert into Productos (idProductos, duracion, nombre, refrigeracion) values (null, ?, ?, ?)
Hibernate: insert into Productos (idProductos, duracion, nombre, refrigeracion) values (null, ?, ?, ?)
Hibernate: insert into Ubicaciones (idUbicaciones, ciudad, departamento, descripcion, direccion, latitud, longitud, Minoristas_idMinoristas, Transportistas_idTransportistas) values (null, ?, ?, ?, ?, ?, ?, ?, ?)
Hibernate: insert into Ubicaciones (idUbicaciones, ciudad, departamento, descripcion, direccion, latitud, longitud, Minoristas_idMinoristas, Transportistas_idTransportistas) values (null, ?, ?, ?, ?, ?, ?, ?, ?)
Hibernate: insert into Ubicaciones (idUbicaciones, ciudad, departamento, descripcion, direccion, latitud, longitud, Minoristas_idMinoristas, Transportistas_idTransportistas) values (null, ?, ?, ?, ?, ?, ?, ?, ?)
Hibernate: insert into Ubicaciones (idUbicaciones, ciudad, departamento, descripcion, direccion, latitud, longitud, Minoristas_idMinoristas, Transportistas_idTransportistas) values (null, ?, ?, ?, ?, ?, ?, ?, ?)
Hibernate: insert into Ubicaciones (idUbicaciones, ciudad, departamento, descripcion, direccion, latitud, longitud, Minoristas_idMinoristas, Transportistas_idTransportistas) values (null, ?, ?, ?, ?, ?, ?, ?, ?)
Hibernate: insert into Ubicaciones (idUbicaciones, ciudad, departamento, descripcion, direccion, latitud, longitud, Minoristas_idMinoristas, Transportistas_idTransportistas) values (null, ?, ?, ?, ?, ?, ?, ?, ?)
Hibernate: insert into Ubicaciones (idUbicaciones, ciudad, departamento, descripcion, direccion, latitud, longitud, Minoristas_idMinoristas, Transportistas_idTransportistas) values (null, ?, ?, ?, ?, ?, ?, ?, ?)
Hibernate: insert into Campesinos (apellidos, correo, nombres, telefono, Ubicaciones_idUbicaciones, idCampesinos) values (?, ?, ?, ?, ?, ?)
Hibernate: insert into Campesinos (apellidos, correo, nombres, telefono, Ubicaciones_idUbicaciones, idCampesinos) values (?, ?, ?, ?, ?, ?)
Hibernate: insert into Campesinos (apellidos, correo, nombres, telefono, Ubicaciones_idUbicaciones, idCampesinos) values (?, ?, ?, ?, ?, ?)
Hibernate: insert into ProductosEnVenta (idProductosEnVenta, Campesinos_idCampesinos, cantidadDisponible, descripcion, fechaCosecha, foto, precioPorKG, Productos_idProductos) values (null, ?, ?, ?, ?, ?, ?, ?)
Hibernate: insert into ProductosEnVenta (idProductosEnVenta, Campesinos_idCampesinos, cantidadDisponible, descripcion, fechaCosecha, foto, precioPorKG, Productos_idProductos) values (null, ?, ?, ?, ?, ?, ?, ?)
Hibernate: insert into ProductosEnVenta (idProductosEnVenta, Campesinos_idCampesinos, cantidadDisponible, descripcion, fechaCosecha, foto, precioPorKG, Productos_idProductos) values (null, ?, ?, ?, ?, ?, ?, ?)
Hibernate: insert into ProductosEnVenta (idProductosEnVenta, Campesinos_idCampesinos, cantidadDisponible, descripcion, fechaCosecha, foto, precioPorKG, Productos_idProductos) values (null, ?, ?, ?, ?, ?, ?, ?)
Hibernate: insert into TransaccionesBancarias (idTransaccionesBancarias, codAprobacion, dineroConsignado) values (null, ?, ?)
Hibernate: insert into TransaccionesBancarias (idTransaccionesBancarias, codAprobacion, dineroConsignado) values (null, ?, ?)
Hibernate: insert into TransaccionesBancarias (idTransaccionesBancarias, codAprobacion, dineroConsignado) values (null, ?, ?)
Hibernate: insert into TransaccionesBancarias (idTransaccionesBancarias, codAprobacion, dineroConsignado) values (null, ?, ?)
Hibernate: insert into TransaccionesBancarias (idTransaccionesBancarias, codAprobacion, dineroConsignado) values (null, ?, ?)
Hibernate: insert into Minoristas (apellidos, correo, nombres, telefono, idMinoristas) values (?, ?, ?, ?, ?)
Hibernate: insert into Minoristas (apellidos, correo, nombres, telefono, idMinoristas) values (?, ?, ?, ?, ?)
Hibernate: insert into Minoristas (apellidos, correo, nombres, telefono, idMinoristas) values (?, ?, ?, ?, ?)
Hibernate: insert into Facturas (idFacturas, fecha, impuesto, TransaccionesBancarias_idTransaccionesBancarias, Ubicaciones_idUbicaciones) values (null, ?, ?, ?, ?)
Hibernate: insert into Facturas (idFacturas, fecha, impuesto, TransaccionesBancarias_idTransaccionesBancarias, Ubicaciones_idUbicaciones) values (null, ?, ?, ?, ?)
Hibernate: insert into Facturas (idFacturas, fecha, impuesto, TransaccionesBancarias_idTransaccionesBancarias, Ubicaciones_idUbicaciones) values (null, ?, ?, ?, ?)
Hibernate: insert into Facturas (idFacturas, fecha, impuesto, TransaccionesBancarias_idTransaccionesBancarias, Ubicaciones_idUbicaciones) values (null, ?, ?, ?, ?)
Hibernate: insert into Facturas (idFacturas, fecha, impuesto, TransaccionesBancarias_idTransaccionesBancarias, Ubicaciones_idUbicaciones) values (null, ?, ?, ?, ?)
Hibernate: insert into DetalleFactura (cantidadComprada, precioVenta, yaSeEntrego, Facturas_idFacturas, ProductosEnVenta_idProductosEnVenta) values (?, ?, ?, ?, ?)
Hibernate: insert into DetalleFactura (cantidadComprada, precioVenta, yaSeEntrego, Facturas_idFacturas, ProductosEnVenta_idProductosEnVenta) values (?, ?, ?, ?, ?)
Hibernate: insert into DetalleFactura (cantidadComprada, precioVenta, yaSeEntrego, Facturas_idFacturas, ProductosEnVenta_idProductosEnVenta) values (?, ?, ?, ?, ?)
Hibernate: insert into DetalleFactura (cantidadComprada, precioVenta, yaSeEntrego, Facturas_idFacturas, ProductosEnVenta_idProductosEnVenta) values (?, ?, ?, ?, ?)
Hibernate: insert into DetalleFactura (cantidadComprada, precioVenta, yaSeEntrego, Facturas_idFacturas, ProductosEnVenta_idProductosEnVenta) values (?, ?, ?, ?, ?)
Hibernate: insert into DetalleFactura (cantidadComprada, precioVenta, yaSeEntrego, Facturas_idFacturas, ProductosEnVenta_idProductosEnVenta) values (?, ?, ?, ?, ?)
Hibernate: insert into DetalleFactura (cantidadComprada, precioVenta, yaSeEntrego, Facturas_idFacturas, ProductosEnVenta_idProductosEnVenta) values (?, ?, ?, ?, ?)
Hibernate: insert into DetalleFactura (cantidadComprada, precioVenta, yaSeEntrego, Facturas_idFacturas, ProductosEnVenta_idProductosEnVenta) values (?, ?, ?, ?, ?)
Hibernate: insert into DetalleFactura (cantidadComprada, precioVenta, yaSeEntrego, Facturas_idFacturas, ProductosEnVenta_idProductosEnVenta) values (?, ?, ?, ?, ?)
Hibernate: insert into Transportistas (apellidos, correo, nombres, telefono, idTransportistas) values (?, ?, ?, ?, ?)
Hibernate: insert into Transportistas (apellidos, correo, nombres, telefono, idTransportistas) values (?, ?, ?, ?, ?)
Hibernate: insert into Transportistas (apellidos, correo, nombres, telefono, idTransportistas) values (?, ?, ?, ?, ?)
Hibernate: insert into Rutas (idRutas, fechaFinalizacion, fechaInicio, Transportistas_idTransportistas) values (null, ?, ?, ?)
Hibernate: insert into Rutas (idRutas, fechaFinalizacion, fechaInicio, Transportistas_idTransportistas) values (null, ?, ?, ?)
Hibernate: insert into Rutas (idRutas, fechaFinalizacion, fechaInicio, Transportistas_idTransportistas) values (null, ?, ?, ?)
Hibernate: insert into Rutas (idRutas, fechaFinalizacion, fechaInicio, Transportistas_idTransportistas) values (null, ?, ?, ?)
Hibernate: insert into Rutas (idRutas, fechaFinalizacion, fechaInicio, Transportistas_idTransportistas) values (null, ?, ?, ?)
Hibernate: insert into Rutas (idRutas, fechaFinalizacion, fechaInicio, Transportistas_idTransportistas) values (null, ?, ?, ?)
Hibernate: insert into Rutas (idRutas, fechaFinalizacion, fechaInicio, Transportistas_idTransportistas) values (null, ?, ?, ?)
Hibernate: insert into Rutas (idRutas, fechaFinalizacion, fechaInicio, Transportistas_idTransportistas) values (null, ?, ?, ?)
Hibernate: insert into Rutas (idRutas, fechaFinalizacion, fechaInicio, Transportistas_idTransportistas) values (null, ?, ?, ?)
Hibernate: insert into Despachos (idDespachos, DetalleFactura_Facturas_idFacturas, DetalleFactura_ProductosEnVenta_idProductosEnVenta, estimacionEntrega, estimacionRecoleccion, Rutas_idRutas) values (null, ?, ?, ?, ?, ?)
Hibernate: insert into Despachos (idDespachos, DetalleFactura_Facturas_idFacturas, DetalleFactura_ProductosEnVenta_idProductosEnVenta, estimacionEntrega, estimacionRecoleccion, Rutas_idRutas) values (null, ?, ?, ?, ?, ?)
Hibernate: insert into Despachos (idDespachos, DetalleFactura_Facturas_idFacturas, DetalleFactura_ProductosEnVenta_idProductosEnVenta, estimacionEntrega, estimacionRecoleccion, Rutas_idRutas) values (null, ?, ?, ?, ?, ?)
Hibernate: insert into Despachos (idDespachos, DetalleFactura_Facturas_idFacturas, DetalleFactura_ProductosEnVenta_idProductosEnVenta, estimacionEntrega, estimacionRecoleccion, Rutas_idRutas) values (null, ?, ?, ?, ?, ?)
Hibernate: insert into Despachos (idDespachos, DetalleFactura_Facturas_idFacturas, DetalleFactura_ProductosEnVenta_idProductosEnVenta, estimacionEntrega, estimacionRecoleccion, Rutas_idRutas) values (null, ?, ?, ?, ?, ?)
Hibernate: insert into Despachos (idDespachos, DetalleFactura_Facturas_idFacturas, DetalleFactura_ProductosEnVenta_idProductosEnVenta, estimacionEntrega, estimacionRecoleccion, Rutas_idRutas) values (null, ?, ?, ?, ?, ?)
Hibernate: insert into Despachos (idDespachos, DetalleFactura_Facturas_idFacturas, DetalleFactura_ProductosEnVenta_idProductosEnVenta, estimacionEntrega, estimacionRecoleccion, Rutas_idRutas) values (null, ?, ?, ?, ?, ?)
Hibernate: insert into Despachos (idDespachos, DetalleFactura_Facturas_idFacturas, DetalleFactura_ProductosEnVenta_idProductosEnVenta, estimacionEntrega, estimacionRecoleccion, Rutas_idRutas) values (null, ?, ?, ?, ?, ?)
Hibernate: insert into Despachos (idDespachos, DetalleFactura_Facturas_idFacturas, DetalleFactura_ProductosEnVenta_idProductosEnVenta, estimacionEntrega, estimacionRecoleccion, Rutas_idRutas) values (null, ?, ?, ?, ?, ?)
******************************************963852741
Hibernate: select producto1_.nombre as col_0_0_ from ProductosEnVenta productoen0_, Productos producto1_ where productoen0_.Productos_idProductos=producto1_.idProductos and productoen0_.idProductosEnVenta=(select detallefac3_.ProductosEnVenta_idProductosEnVenta from Despachos despacho2_, DetalleFactura detallefac3_, ProductosEnVenta productoen4_ cross join Rutas ruta5_ where despacho2_.DetalleFactura_Facturas_idFacturas=detallefac3_.Facturas_idFacturas and despacho2_.DetalleFactura_ProductosEnVenta_idProductosEnVenta=detallefac3_.ProductosEnVenta_idProductosEnVenta and detallefac3_.ProductosEnVenta_idProductosEnVenta=productoen4_.idProductosEnVenta and despacho2_.Rutas_idRutas=ruta5_.idRutas and ruta5_.Transportistas_idTransportistas=963852741)
</system-out>
    <system-err>log4j:WARN No appenders could be found for logger (org.jboss.logging).
log4j:WARN Please initialize the log4j system properly.
log4j:WARN See http://logging.apache.org/log4j/1.2/faq.html#noconfig for more info.
</system-err>
  </testcase>
</testsuite>